<?xml version="1.0" encoding="UTF-8"?>
<!-- Generated by org.testng.reporters.JUnitXMLReporter -->
<testsuite ignored="0" hostname="DESKTOP-8GQ3KA3" failures="0" tests="4" name="Default test" time="7.878" errors="0" timestamp="2022-07-31T08:28:09 IST">
  <testcase classname="com.spotify.testcases.PlayListTestCase" name="createPlayList" time="6.332"/>
  <testcase classname="com.spotify.testcases.PlayListTestCase" name="getPlayList" time="0.626"/>
  <testcase classname="com.spotify.testcases.PlayListTestCase" name="updatePlayList" time="0.528"/>
  <testcase classname="com.spotify.testcases.PlayListTestCase" name="notTocreatePlayList" time="0.27"/>
</testsuite> <!-- Default test -->
