<?xml version="1.0" encoding="UTF-8"?>
<testng-results ignored="0" total="4" passed="4" failed="0" skipped="0">
  <reporter-output>
  </reporter-output>
  <suite started-at="2022-07-31T08:28:01 IST" name="Default suite" finished-at="2022-07-31T08:28:09 IST" duration-ms="7878">
    <groups>
    </groups>
    <test started-at="2022-07-31T08:28:01 IST" name="Default test" finished-at="2022-07-31T08:28:09 IST" duration-ms="7878">
      <class name="com.spotify.testcases.PlayListTestCase">
        <test-method signature="createPlayList()[pri:1, instance:com.spotify.testcases.PlayListTestCase@366647c2]" started-at="2022-07-31T08:28:01 IST" name="createPlayList" finished-at="2022-07-31T08:28:07 IST" duration-ms="6332" status="PASS">
          <reporter-output>
          </reporter-output>
        </test-method> <!-- createPlayList -->
        <test-method signature="getPlayList()[pri:2, instance:com.spotify.testcases.PlayListTestCase@366647c2]" started-at="2022-07-31T08:28:08 IST" name="getPlayList" finished-at="2022-07-31T08:28:08 IST" duration-ms="626" status="PASS">
          <reporter-output>
          </reporter-output>
        </test-method> <!-- getPlayList -->
        <test-method signature="updatePlayList()[pri:3, instance:com.spotify.testcases.PlayListTestCase@366647c2]" started-at="2022-07-31T08:28:08 IST" name="updatePlayList" finished-at="2022-07-31T08:28:09 IST" duration-ms="528" status="PASS">
          <reporter-output>
          </reporter-output>
        </test-method> <!-- updatePlayList -->
        <test-method signature="notTocreatePlayList()[pri:4, instance:com.spotify.testcases.PlayListTestCase@366647c2]" started-at="2022-07-31T08:28:09 IST" name="notTocreatePlayList" finished-at="2022-07-31T08:28:09 IST" duration-ms="270" status="PASS">
          <reporter-output>
          </reporter-output>
        </test-method> <!-- notTocreatePlayList -->
      </class> <!-- com.spotify.testcases.PlayListTestCase -->
    </test> <!-- Default test -->
  </suite> <!-- Default suite -->
</testng-results>
